2024-03-04 02:41:23,251 - root - INFO - Recording started
2024-03-04 02:41:31,266 - root - INFO - Recording paused
2024-03-04 02:41:34,227 - root - INFO - Recording resumed
2024-03-04 02:41:39,355 - root - INFO - Recording stopped and saved.
2024-03-04 02:44:36,482 - root - INFO - Recording started
2024-03-04 02:44:57,582 - root - INFO - Recording stopped and saved.
2024-03-04 02:46:32,678 - root - INFO - Recording started
2024-03-04 02:46:36,215 - root - INFO - Recording paused
2024-03-04 02:46:39,074 - root - INFO - Recording resumed
2024-03-04 02:46:41,642 - root - INFO - Recording paused
2024-03-04 02:46:44,684 - root - INFO - Recording resumed
2024-03-04 02:46:45,996 - root - INFO - Recording paused
2024-03-04 02:46:48,366 - root - INFO - Recording resumed
2024-03-04 02:46:49,026 - root - INFO - Recording paused
2024-03-04 02:46:51,592 - root - INFO - Recording resumed
2024-03-04 02:46:52,293 - root - INFO - Recording paused
2024-03-04 02:46:54,602 - root - INFO - Recording resumed
2024-03-04 02:46:56,191 - root - INFO - Recording stopped and saved.
2024-03-04 02:47:42,438 - root - INFO - Opened recording: D:/DeveloperProjects/PycharmProjects/desktop-recorder/recording.avi
2024-03-04 09:17:14,818 - root - INFO - Recording started
2024-03-04 09:17:34,130 - root - INFO - Recording stopped and saved.
2024-03-04 09:26:19,950 - root - INFO - Recording started
2024-03-04 09:26:32,789 - root - INFO - Recording stopped and saved.
2024-03-04 09:48:55,494 - root - INFO - Recording started
2024-03-04 09:49:14,636 - root - INFO - Recording paused
2024-03-04 09:49:18,331 - root - INFO - Recording resumed
2024-03-04 09:49:22,966 - root - INFO - Recording stopped and saved.
2024-03-04 10:26:43,121 - root - INFO - Recording started
2024-03-04 10:26:52,317 - root - INFO - Recording paused
2024-03-04 10:26:53,329 - root - INFO - Recording resumed
2024-03-04 10:27:01,587 - root - INFO - Recording stopped and saved.
2024-03-04 10:38:10,613 - root - INFO - Recording started
2024-03-04 10:38:34,739 - root - INFO - Recording stopped and saved.
2024-03-04 10:40:12,753 - root - INFO - Recording started
2024-03-04 10:40:53,086 - root - INFO - Recording stopped and saved.
2024-03-04 11:10:55,611 - root - INFO - Recording started
2024-03-04 11:11:17,500 - root - INFO - Recording paused
2024-03-04 11:11:20,757 - root - INFO - Recording resumed
2024-03-04 11:11:30,670 - root - INFO - Recording paused
2024-03-04 11:11:34,881 - root - INFO - Recording resumed
2024-03-04 11:44:37,671 - root - INFO - Recording started
2024-03-04 11:44:52,141 - root - INFO - Recording paused
2024-03-04 11:44:57,311 - root - INFO - Recording resumed
2024-03-04 11:45:08,392 - root - INFO - Recording stopped and saved.
2024-03-04 12:04:17,549 - root - INFO - Recording started
2024-03-04 12:04:44,133 - root - INFO - Recording paused
2024-03-04 12:04:47,244 - root - INFO - Recording resumed
2024-03-04 12:05:10,236 - root - INFO - Recording stopped and saved.
2024-03-04 12:07:35,065 - root - INFO - Recording started
2024-03-04 12:07:56,955 - root - INFO - Recording paused
2024-03-04 12:07:58,631 - root - INFO - Recording resumed
2024-03-04 12:08:36,986 - root - INFO - Recording stopped and saved.
2024-03-04 12:15:41,911 - root - INFO - Recording started
2024-03-04 12:16:09,368 - root - INFO - Recording paused
2024-03-04 12:16:15,139 - root - INFO - Recording resumed
2024-03-04 12:16:24,716 - root - INFO - Recording stopped and saved.
2024-03-04 12:18:07,509 - root - INFO - Recording started
2024-03-04 12:18:34,489 - root - INFO - Recording paused
2024-03-04 12:18:39,347 - root - INFO - Recording resumed
2024-03-04 12:20:56,065 - root - INFO - Recording stopped and saved.
2024-03-04 12:22:38,783 - root - INFO - Recording started
2024-03-04 12:24:10,483 - root - INFO - Recording stopped and saved.
2024-03-04 12:41:47,505 - root - INFO - Recording started
2024-03-04 12:42:33,466 - root - INFO - Recording stopped and saved.
2024-03-04 12:52:36,999 - root - INFO - Opened recording: D:/DeveloperProjects/PycharmProjects/desktop-recorder/data/2024-03-04_12-41-47/recording.avi
2024-03-04 13:21:55,790 - custom_logger - INFO - INFO:Logger has been initialized.
2024-03-04 13:21:55,794 - custom_logger - INFO - INFO:Setting up UI.
2024-03-04 13:22:07,266 - custom_logger - INFO - INFO:Recording Started.
2024-03-04 13:22:07,267 - custom_logger - INFO - INFO:Paths Generated: 
data\2024-03-04_13-22-07\frames
data\2024-03-04_13-22-07\input_logs.csv
data\2024-03-04_13-22-07\recording.avi

2024-03-04 13:22:07,278 - custom_logger - INFO - INFO:UI Updated.
2024-03-04 13:22:07,278 - root - INFO - Recording started
2024-03-04 13:22:12,940 - custom_logger - INFO - INFO:Recording stopped, saving data.
2024-03-04 13:22:15,854 - custom_logger - INFO - INFO:UI Updated.
2024-03-04 13:22:15,854 - root - INFO - Recording stopped and saved.
2024-03-04 13:24:05,181 - custom_logger - INFO - INFO:Logger has been initialized.
2024-03-04 13:24:05,185 - custom_logger - INFO - INFO:Setting up UI.
2024-03-04 13:24:07,194 - custom_logger - INFO - INFO:Recording Started.
2024-03-04 13:24:07,195 - custom_logger - INFO - INFO:Paths Generated: [
data\2024-03-04_13-24-07\frames,
data\2024-03-04_13-24-07\input_logs.csv,
data\2024-03-04_13-24-07\recording.avi
]
2024-03-04 13:24:07,204 - custom_logger - INFO - INFO:UI Updated.
2024-03-04 13:24:07,205 - root - INFO - Recording started
2024-03-04 13:24:12,159 - custom_logger - INFO - INFO:Recording stopped, saving data.
2024-03-04 13:24:14,765 - custom_logger - INFO - INFO:UI Updated.
2024-03-04 13:24:14,766 - root - INFO - Recording stopped and saved.
