2024-03-05 12:12:43,578 - custom_logger - INFO - INFO:Logger has been initialized.
2024-03-05 12:12:43,582 - custom_logger - INFO - INFO:Setting up UI.
2024-03-05 12:12:45,024 - custom_logger - INFO - INFO:Recording Started.
2024-03-05 12:12:45,024 - custom_logger - INFO - CONFIG:Paths Generated: [
data\2024-03-05_12-12-45\frames,
data\2024-03-05_12-12-45\input_logs.csv,
data\2024-03-05_12-12-45\recording.avi
]
2024-03-05 12:12:45,040 - custom_logger - INFO - INFO:UI Updated.
2024-03-05 12:12:49,815 - custom_logger - INFO - INFO:Recording stopped, saving data.
2024-03-05 12:12:52,282 - custom_logger - INFO - INFO:UI Updated.
2024-03-05 12:12:52,283 - custom_logger - INFO - INFO:Merge complete. Output saved to data\2024-03-05_12-12-45\final_output.mp4
2024-03-05 12:12:52,284 - custom_logger - INFO - INFO:UI Updated.
2024-03-05 12:13:22,438 - custom_logger - INFO - INFO:Recording Started.
2024-03-05 12:13:22,439 - custom_logger - INFO - CONFIG:Paths Generated: [
data\2024-03-05_12-13-22\frames,
data\2024-03-05_12-13-22\input_logs.csv,
data\2024-03-05_12-13-22\recording.avi
]
2024-03-05 12:13:22,454 - custom_logger - INFO - INFO:UI Updated.
2024-03-05 12:13:37,791 - custom_logger - INFO - INFO:Recording stopped, saving data.
2024-03-05 12:13:47,635 - custom_logger - INFO - INFO:UI Updated.
2024-03-05 12:13:47,637 - custom_logger - INFO - INFO:Merge complete. Output saved to data\2024-03-05_12-13-22\final_output.mp4
2024-03-05 12:13:47,638 - custom_logger - INFO - INFO:UI Updated.
