2024-03-05 11:26:02,299 - custom_logger - INFO - INFO:Logger has been initialized.
2024-03-05 11:26:02,304 - custom_logger - INFO - INFO:Setting up UI.
2024-03-05 11:26:08,543 - custom_logger - INFO - INFO:Recording Started.
2024-03-05 11:26:08,544 - custom_logger - INFO - CONFIG:Paths Generated: [
data\2024-03-05_11-26-08\frames,
data\2024-03-05_11-26-08\input_logs.csv,
data\2024-03-05_11-26-08\recording.avi
]
2024-03-05 11:26:08,555 - custom_logger - INFO - INFO:UI Updated.
2024-03-05 11:26:36,786 - custom_logger - INFO - INFO:Recording stopped, saving data.
2024-03-05 11:26:49,971 - custom_logger - INFO - INFO:UI Updated.
2024-03-05 11:27:58,759 - custom_logger - INFO - INFO:Recording Started.
2024-03-05 11:27:58,760 - custom_logger - INFO - CONFIG:Paths Generated: [
data\2024-03-05_11-27-58\frames,
data\2024-03-05_11-27-58\input_logs.csv,
data\2024-03-05_11-27-58\recording.avi
]
2024-03-05 11:27:58,774 - custom_logger - INFO - INFO:UI Updated.
2024-03-05 11:28:29,118 - custom_logger - INFO - INFO:Recording stopped, saving data.
2024-03-05 11:28:47,701 - custom_logger - INFO - INFO:UI Updated.
2024-03-05 11:29:25,753 - custom_logger - INFO - INFO:Recording Started.
2024-03-05 11:29:25,754 - custom_logger - INFO - CONFIG:Paths Generated: [
data\2024-03-05_11-29-25\frames,
data\2024-03-05_11-29-25\input_logs.csv,
data\2024-03-05_11-29-25\recording.avi
]
2024-03-05 11:29:25,765 - custom_logger - INFO - INFO:UI Updated.
2024-03-05 11:30:01,130 - custom_logger - INFO - INFO:Recording stopped, saving data.
2024-03-05 11:30:22,784 - custom_logger - INFO - INFO:UI Updated.
